app/build/intermediates/manifest_merge_blame_file/debug/manifest-merger-blame-debug-report.txt
1<?xml version="1.0" encoding="utf-8"?>
2<manifest xmlns:android="http://schemas.android.com/apk/res/android"
3    package="com.example.semproject"
4    android:versionCode="1"
5    android:versionName="1.0" >
6
7    <uses-sdk
8        android:minSdkVersion="16"
8-->src/main/AndroidManifest.xml
9        android:targetSdkVersion="30" />
9-->src/main/AndroidManifest.xml
10
11    <uses-permission android:name="android.permission.INTERNET" />
11-->src/main/AndroidManifest.xml:4:5-66
11-->src/main/AndroidManifest.xml:4:22-64
12
13    <!-- Although the *SdkVersion is captured in gradle build files, this is required for non gradle builds -->
14    <!-- <uses-sdk android:minSdkVersion="14"/> -->
15    <uses-permission android:name="android.permission.ACCESS_NETWORK_STATE" />
15-->[com.google.firebase:firebase-database:19.5.1] AndroidManifest.xml:25:5-79
15-->[com.google.firebase:firebase-database:19.5.1] AndroidManifest.xml:25:22-76
16
17    <application
17-->src/main/AndroidManifest.xml:6:5-77:19
18        android:allowBackup="true"
18-->src/main/AndroidManifest.xml:7:9-35
19        android:appComponentFactory="androidx.core.app.CoreComponentFactory"
19-->[androidx.core:core:1.3.1] AndroidManifest.xml:24:18-86
20        android:debuggable="true"
21        android:hardwareAccelerated="false"
21-->src/main/AndroidManifest.xml:8:9-44
22        android:icon="@mipmap/ic_launcher"
22-->src/main/AndroidManifest.xml:9:9-43
23        android:label="@string/app_name"
23-->src/main/AndroidManifest.xml:10:9-41
24        android:largeHeap="true"
24-->src/main/AndroidManifest.xml:11:9-33
25        android:roundIcon="@mipmap/ic_launcher_round"
25-->src/main/AndroidManifest.xml:12:9-54
26        android:supportsRtl="true"
26-->src/main/AndroidManifest.xml:13:9-35
27        android:testOnly="true"
28        android:theme="@style/AppTheme" >
28-->src/main/AndroidManifest.xml:14:9-40
29        <activity
29-->src/main/AndroidManifest.xml:15:9-18:68
30            android:name="com.example.semproject.SetRates"
30-->src/main/AndroidManifest.xml:16:13-37
31            android:label="@string/title_activity_set_rates"
31-->src/main/AndroidManifest.xml:17:13-61
32            android:theme="@style/AppTheme.NoActionBar" />
32-->src/main/AndroidManifest.xml:18:13-56
33        <activity
33-->src/main/AndroidManifest.xml:19:9-22:59
34            android:name="com.example.semproject.Rates"
34-->src/main/AndroidManifest.xml:20:13-34
35            android:label="@string/title_activity_rates"
35-->src/main/AndroidManifest.xml:21:13-57
36            android:theme="@style/AppTheme.NoActionBar" />
36-->src/main/AndroidManifest.xml:22:13-56
37        <activity
37-->src/main/AndroidManifest.xml:23:9-26:59
38            android:name="com.example.semproject.ChangePassword"
38-->src/main/AndroidManifest.xml:24:13-43
39            android:label="@string/title_activity_change_password"
39-->src/main/AndroidManifest.xml:25:13-67
40            android:theme="@style/AppTheme.NoActionBar" />
40-->src/main/AndroidManifest.xml:26:13-56
41        <activity
41-->src/main/AndroidManifest.xml:27:9-30:59
42            android:name="com.example.semproject.CreateLocalAdmin"
42-->src/main/AndroidManifest.xml:28:13-45
43            android:label="@string/title_activity_create_local_admin"
43-->src/main/AndroidManifest.xml:29:13-70
44            android:theme="@style/AppTheme.NoActionBar" />
44-->src/main/AndroidManifest.xml:30:13-56
45        <activity
45-->src/main/AndroidManifest.xml:31:9-34:59
46            android:name="com.example.semproject.RemoveLocalAdmin"
46-->src/main/AndroidManifest.xml:32:13-45
47            android:label="@string/title_activity_remove_local_admin"
47-->src/main/AndroidManifest.xml:33:13-70
48            android:theme="@style/AppTheme.NoActionBar" />
48-->src/main/AndroidManifest.xml:34:13-56
49        <activity
49-->src/main/AndroidManifest.xml:35:9-38:59
50            android:name="com.example.semproject.ManageLocalAdmins"
50-->src/main/AndroidManifest.xml:36:13-46
51            android:label="@string/title_activity_manage_local_admins"
51-->src/main/AndroidManifest.xml:37:13-71
52            android:theme="@style/AppTheme.NoActionBar" />
52-->src/main/AndroidManifest.xml:38:13-56
53        <activity
53-->src/main/AndroidManifest.xml:39:9-42:59
54            android:name="com.example.semproject.SelectRegion"
54-->src/main/AndroidManifest.xml:40:13-41
55            android:label="@string/title_activity_select_region"
55-->src/main/AndroidManifest.xml:41:13-65
56            android:theme="@style/AppTheme.NoActionBar" />
56-->src/main/AndroidManifest.xml:42:13-56
57        <activity
57-->src/main/AndroidManifest.xml:43:9-46:59
58            android:name="com.example.semproject.ForgetPassword"
58-->src/main/AndroidManifest.xml:44:13-43
59            android:label="@string/title_activity_forget_password"
59-->src/main/AndroidManifest.xml:45:13-67
60            android:theme="@style/AppTheme.NoActionBar" />
60-->src/main/AndroidManifest.xml:46:13-56
61        <activity
61-->src/main/AndroidManifest.xml:47:9-50:59
62            android:name="com.example.semproject.LocalAdminlogin"
62-->src/main/AndroidManifest.xml:48:13-44
63            android:label="@string/title_activity_local_adminlogin"
63-->src/main/AndroidManifest.xml:49:13-68
64            android:theme="@style/AppTheme.NoActionBar" />
64-->src/main/AndroidManifest.xml:50:13-56
65        <activity
65-->src/main/AndroidManifest.xml:51:9-54:59
66            android:name="com.example.semproject.MainAdminlogin"
66-->src/main/AndroidManifest.xml:52:13-43
67            android:label="@string/title_activity_main_adminlogin"
67-->src/main/AndroidManifest.xml:53:13-67
68            android:theme="@style/AppTheme.NoActionBar" />
68-->src/main/AndroidManifest.xml:54:13-56
69        <activity
69-->src/main/AndroidManifest.xml:55:9-58:59
70            android:name="com.example.semproject.MainAdmin"
70-->src/main/AndroidManifest.xml:56:13-38
71            android:label="@string/title_activity_main_admin"
71-->src/main/AndroidManifest.xml:57:13-62
72            android:theme="@style/AppTheme.NoActionBar" />
72-->src/main/AndroidManifest.xml:58:13-56
73        <activity
73-->src/main/AndroidManifest.xml:59:9-62:59
74            android:name="com.example.semproject.Adminpannel"
74-->src/main/AndroidManifest.xml:60:13-40
75            android:label="@string/title_activity_adminpannel"
75-->src/main/AndroidManifest.xml:61:13-63
76            android:theme="@style/AppTheme.NoActionBar" />
76-->src/main/AndroidManifest.xml:62:13-56
77        <activity
77-->src/main/AndroidManifest.xml:63:9-66:59
78            android:name="com.example.semproject.ApplyforAdmin"
78-->src/main/AndroidManifest.xml:64:13-42
79            android:label="@string/title_activity_applyfor_admin"
79-->src/main/AndroidManifest.xml:65:13-66
80            android:theme="@style/AppTheme.NoActionBar" />
80-->src/main/AndroidManifest.xml:66:13-56
81        <activity
81-->src/main/AndroidManifest.xml:67:9-76:20
82            android:name="com.example.semproject.MainActivity"
82-->src/main/AndroidManifest.xml:68:13-41
83            android:label="@string/app_name"
83-->src/main/AndroidManifest.xml:69:13-45
84            android:theme="@style/AppTheme.NoActionBar" >
84-->src/main/AndroidManifest.xml:70:13-56
85            <intent-filter>
85-->src/main/AndroidManifest.xml:71:13-75:29
86                <action android:name="android.intent.action.MAIN" />
86-->src/main/AndroidManifest.xml:72:17-69
86-->src/main/AndroidManifest.xml:72:25-66
87
88                <category android:name="android.intent.category.LAUNCHER" />
88-->src/main/AndroidManifest.xml:74:17-77
88-->src/main/AndroidManifest.xml:74:27-74
89            </intent-filter>
90        </activity>
91
92        <service
92-->[com.google.firebase:firebase-database:19.5.1] AndroidManifest.xml:29:9-35:19
93            android:name="com.google.firebase.components.ComponentDiscoveryService"
93-->[com.google.firebase:firebase-database:19.5.1] AndroidManifest.xml:30:13-84
94            android:directBootAware="true"
94-->[com.google.firebase:firebase-common:19.3.1] AndroidManifest.xml:35:13-43
95            android:exported="false" >
95-->[com.google.firebase:firebase-database:19.5.1] AndroidManifest.xml:31:13-37
96            <meta-data
96-->[com.google.firebase:firebase-database:19.5.1] AndroidManifest.xml:32:13-34:85
97                android:name="com.google.firebase.components:com.google.firebase.database.DatabaseRegistrar"
97-->[com.google.firebase:firebase-database:19.5.1] AndroidManifest.xml:33:17-109
98                android:value="com.google.firebase.components.ComponentRegistrar" />
98-->[com.google.firebase:firebase-database:19.5.1] AndroidManifest.xml:34:17-82
99        </service>
100
101        <provider
101-->[com.google.firebase:firebase-common:19.3.1] AndroidManifest.xml:26:9-31:39
102            android:name="com.google.firebase.provider.FirebaseInitProvider"
102-->[com.google.firebase:firebase-common:19.3.1] AndroidManifest.xml:27:13-77
103            android:authorities="com.example.semproject.firebaseinitprovider"
103-->[com.google.firebase:firebase-common:19.3.1] AndroidManifest.xml:28:13-72
104            android:directBootAware="true"
104-->[com.google.firebase:firebase-common:19.3.1] AndroidManifest.xml:29:13-43
105            android:exported="false"
105-->[com.google.firebase:firebase-common:19.3.1] AndroidManifest.xml:30:13-37
106            android:initOrder="100" />
106-->[com.google.firebase:firebase-common:19.3.1] AndroidManifest.xml:31:13-36
107
108        <activity
108-->[com.google.android.gms:play-services-base:17.0.0] AndroidManifest.xml:23:9-26:75
109            android:name="com.google.android.gms.common.api.GoogleApiActivity"
109-->[com.google.android.gms:play-services-base:17.0.0] AndroidManifest.xml:24:13-79
110            android:exported="false"
110-->[com.google.android.gms:play-services-base:17.0.0] AndroidManifest.xml:25:13-37
111            android:theme="@android:style/Theme.Translucent.NoTitleBar" />
111-->[com.google.android.gms:play-services-base:17.0.0] AndroidManifest.xml:26:13-72
112
113        <meta-data
113-->[com.google.android.gms:play-services-basement:17.0.0] AndroidManifest.xml:23:9-25:69
114            android:name="com.google.android.gms.version"
114-->[com.google.android.gms:play-services-basement:17.0.0] AndroidManifest.xml:24:13-58
115            android:value="@integer/google_play_services_version" />
115-->[com.google.android.gms:play-services-basement:17.0.0] AndroidManifest.xml:25:13-66
116    </application>
117
118</manifest>